2025-07-28 17:37:59,153 - MainThread - sqlmesh.core.state_sync.db.migrator - INFO - Applying migration <module 'sqlmesh.migrations.v0001_init' from '/home/kanakgupta/.local/lib/python3.10/site-packages/sqlmesh/migrations/v0001_init.py'> (migrator.py:177)
2025-07-28 17:38:00,643 - MainThread - sqlmesh.core.state_sync.db.migrator - INFO - Applying migration <module 'sqlmesh.migrations.v0002_remove_identify' from '/home/kanakgupta/.local/lib/python3.10/site-packages/sqlmesh/migrations/v0002_remove_identify.py'> (migrator.py:177)
2025-07-28 17:38:00,644 - MainThread - sqlmesh.core.state_sync.db.migrator - INFO - Applying migration <module 'sqlmesh.migrations.v0003_move_batch_size' from '/home/kanakgupta/.local/lib/python3.10/site-packages/sqlmesh/migrations/v0003_move_batch_size.py'> (migrator.py:177)
2025-07-28 17:38:00,949 - MainThread - sqlmesh.core.state_sync.db.migrator - INFO - Applying migration <module 'sqlmesh.migrations.v0004_environmnent_add_finalized_at' from '/home/kanakgupta/.local/lib/python3.10/site-packages/sqlmesh/migrations/v0004_environmnent_add_finalized_at.py'> (migrator.py:177)
2025-07-28 17:38:01,256 - MainThread - sqlmesh.core.state_sync.db.migrator - INFO - Applying migration <module 'sqlmesh.migrations.v0005_create_seed_table' from '/home/kanakgupta/.local/lib/python3.10/site-packages/sqlmesh/migrations/v0005_create_seed_table.py'> (migrator.py:177)
2025-07-28 17:38:01,564 - MainThread - sqlmesh.core.state_sync.db.migrator - INFO - Applying migration <module 'sqlmesh.migrations.v0006_change_seed_hash' from '/home/kanakgupta/.local/lib/python3.10/site-packages/sqlmesh/migrations/v0006_change_seed_hash.py'> (migrator.py:177)
2025-07-28 17:38:01,565 - MainThread - sqlmesh.core.state_sync.db.migrator - INFO - Applying migration <module 'sqlmesh.migrations.v0007_env_table_info_to_kind' from '/home/kanakgupta/.local/lib/python3.10/site-packages/sqlmesh/migrations/v0007_env_table_info_to_kind.py'> (migrator.py:177)
2025-07-28 17:38:02,178 - MainThread - sqlmesh.core.state_sync.db.migrator - INFO - Applying migration <module 'sqlmesh.migrations.v0008_create_intervals_table' from '/home/kanakgupta/.local/lib/python3.10/site-packages/sqlmesh/migrations/v0008_create_intervals_table.py'> (migrator.py:177)
2025-07-28 17:38:03,099 - MainThread - sqlmesh.core.state_sync.db.migrator - INFO - Applying migration <module 'sqlmesh.migrations.v0009_remove_pre_post_hooks' from '/home/kanakgupta/.local/lib/python3.10/site-packages/sqlmesh/migrations/v0009_remove_pre_post_hooks.py'> (migrator.py:177)
2025-07-28 17:38:03,387 - MainThread - sqlmesh.core.state_sync.db.migrator - INFO - Applying migration <module 'sqlmesh.migrations.v0010_seed_hash_batch_size' from '/home/kanakgupta/.local/lib/python3.10/site-packages/sqlmesh/migrations/v0010_seed_hash_batch_size.py'> (migrator.py:177)
2025-07-28 17:38:03,388 - MainThread - sqlmesh.core.state_sync.db.migrator - INFO - Applying migration <module 'sqlmesh.migrations.v0011_add_model_kind_name' from '/home/kanakgupta/.local/lib/python3.10/site-packages/sqlmesh/migrations/v0011_add_model_kind_name.py'> (migrator.py:177)
2025-07-28 17:38:03,919 - MainThread - sqlmesh.core.state_sync.db.migrator - INFO - Applying migration <module 'sqlmesh.migrations.v0012_update_jinja_expressions' from '/home/kanakgupta/.local/lib/python3.10/site-packages/sqlmesh/migrations/v0012_update_jinja_expressions.py'> (migrator.py:177)
2025-07-28 17:38:04,226 - MainThread - sqlmesh.core.state_sync.db.migrator - INFO - Applying migration <module 'sqlmesh.migrations.v0013_serde_using_model_dialects' from '/home/kanakgupta/.local/lib/python3.10/site-packages/sqlmesh/migrations/v0013_serde_using_model_dialects.py'> (migrator.py:177)
2025-07-28 17:38:04,464 - MainThread - sqlmesh.core.state_sync.db.migrator - INFO - Applying migration <module 'sqlmesh.migrations.v0014_fix_dev_intervals' from '/home/kanakgupta/.local/lib/python3.10/site-packages/sqlmesh/migrations/v0014_fix_dev_intervals.py'> (migrator.py:177)
2025-07-28 17:38:04,740 - MainThread - sqlmesh.core.state_sync.db.migrator - INFO - Applying migration <module 'sqlmesh.migrations.v0015_environment_add_promoted_snapshot_ids' from '/home/kanakgupta/.local/lib/python3.10/site-packages/sqlmesh/migrations/v0015_environment_add_promoted_snapshot_ids.py'> (migrator.py:177)
2025-07-28 17:38:05,045 - MainThread - sqlmesh.core.state_sync.db.migrator - INFO - Applying migration <module 'sqlmesh.migrations.v0016_fix_windows_path' from '/home/kanakgupta/.local/lib/python3.10/site-packages/sqlmesh/migrations/v0016_fix_windows_path.py'> (migrator.py:177)
2025-07-28 17:38:05,353 - MainThread - sqlmesh.core.state_sync.db.migrator - INFO - Applying migration <module 'sqlmesh.migrations.v0017_fix_windows_seed_path' from '/home/kanakgupta/.local/lib/python3.10/site-packages/sqlmesh/migrations/v0017_fix_windows_seed_path.py'> (migrator.py:177)
2025-07-28 17:38:05,660 - MainThread - sqlmesh.core.state_sync.db.migrator - INFO - Applying migration <module 'sqlmesh.migrations.v0018_rename_snapshot_model_to_node' from '/home/kanakgupta/.local/lib/python3.10/site-packages/sqlmesh/migrations/v0018_rename_snapshot_model_to_node.py'> (migrator.py:177)
2025-07-28 17:38:05,968 - MainThread - sqlmesh.core.state_sync.db.migrator - INFO - Applying migration <module 'sqlmesh.migrations.v0019_add_env_suffix_target' from '/home/kanakgupta/.local/lib/python3.10/site-packages/sqlmesh/migrations/v0019_add_env_suffix_target.py'> (migrator.py:177)
2025-07-28 17:38:06,443 - MainThread - sqlmesh.core.state_sync.db.migrator - INFO - Applying migration <module 'sqlmesh.migrations.v0020_remove_redundant_attributes_from_dbt_models' from '/home/kanakgupta/.local/lib/python3.10/site-packages/sqlmesh/migrations/v0020_remove_redundant_attributes_from_dbt_models.py'> (migrator.py:177)
2025-07-28 17:38:06,787 - MainThread - sqlmesh.core.state_sync.db.migrator - INFO - Applying migration <module 'sqlmesh.migrations.v0021_fix_table_properties' from '/home/kanakgupta/.local/lib/python3.10/site-packages/sqlmesh/migrations/v0021_fix_table_properties.py'> (migrator.py:177)
2025-07-28 17:38:07,093 - MainThread - sqlmesh.core.state_sync.db.migrator - INFO - Applying migration <module 'sqlmesh.migrations.v0022_move_project_to_model' from '/home/kanakgupta/.local/lib/python3.10/site-packages/sqlmesh/migrations/v0022_move_project_to_model.py'> (migrator.py:177)
2025-07-28 17:38:07,707 - MainThread - sqlmesh.core.state_sync.db.migrator - INFO - Applying migration <module 'sqlmesh.migrations.v0023_fix_added_models_with_forward_only_parents' from '/home/kanakgupta/.local/lib/python3.10/site-packages/sqlmesh/migrations/v0023_fix_added_models_with_forward_only_parents.py'> (migrator.py:177)
2025-07-28 17:38:08,015 - MainThread - sqlmesh.core.state_sync.db.migrator - INFO - Applying migration <module 'sqlmesh.migrations.v0024_replace_model_kind_name_enum_with_value' from '/home/kanakgupta/.local/lib/python3.10/site-packages/sqlmesh/migrations/v0024_replace_model_kind_name_enum_with_value.py'> (migrator.py:177)
2025-07-28 17:38:08,322 - MainThread - sqlmesh.core.state_sync.db.migrator - INFO - Applying migration <module 'sqlmesh.migrations.v0025_fix_intervals_and_missing_change_category' from '/home/kanakgupta/.local/lib/python3.10/site-packages/sqlmesh/migrations/v0025_fix_intervals_and_missing_change_category.py'> (migrator.py:177)
2025-07-28 17:38:08,562 - MainThread - sqlmesh.core.state_sync.db.migrator - INFO - Applying migration <module 'sqlmesh.migrations.v0026_remove_dialect_from_seed' from '/home/kanakgupta/.local/lib/python3.10/site-packages/sqlmesh/migrations/v0026_remove_dialect_from_seed.py'> (migrator.py:177)
2025-07-28 17:38:08,834 - MainThread - sqlmesh.core.state_sync.db.migrator - INFO - Applying migration <module 'sqlmesh.migrations.v0027_minute_interval_to_five' from '/home/kanakgupta/.local/lib/python3.10/site-packages/sqlmesh/migrations/v0027_minute_interval_to_five.py'> (migrator.py:177)
2025-07-28 17:38:09,143 - MainThread - sqlmesh.core.state_sync.db.migrator - INFO - Applying migration <module 'sqlmesh.migrations.v0028_add_plan_dags_table' from '/home/kanakgupta/.local/lib/python3.10/site-packages/sqlmesh/migrations/v0028_add_plan_dags_table.py'> (migrator.py:177)
2025-07-28 17:38:10,063 - MainThread - sqlmesh.core.state_sync.db.migrator - INFO - Applying migration <module 'sqlmesh.migrations.v0029_generate_schema_types_using_dialect' from '/home/kanakgupta/.local/lib/python3.10/site-packages/sqlmesh/migrations/v0029_generate_schema_types_using_dialect.py'> (migrator.py:177)
2025-07-28 17:38:10,370 - MainThread - sqlmesh.core.state_sync.db.migrator - INFO - Applying migration <module 'sqlmesh.migrations.v0030_update_unrestorable_snapshots' from '/home/kanakgupta/.local/lib/python3.10/site-packages/sqlmesh/migrations/v0030_update_unrestorable_snapshots.py'> (migrator.py:177)
2025-07-28 17:38:10,677 - MainThread - sqlmesh.core.state_sync.db.migrator - INFO - Applying migration <module 'sqlmesh.migrations.v0031_remove_dbt_target_fields' from '/home/kanakgupta/.local/lib/python3.10/site-packages/sqlmesh/migrations/v0031_remove_dbt_target_fields.py'> (migrator.py:177)
2025-07-28 17:38:10,919 - MainThread - sqlmesh.core.state_sync.db.migrator - INFO - Applying migration <module 'sqlmesh.migrations.v0032_add_sqlmesh_version' from '/home/kanakgupta/.local/lib/python3.10/site-packages/sqlmesh/migrations/v0032_add_sqlmesh_version.py'> (migrator.py:177)
2025-07-28 17:38:11,159 - MainThread - sqlmesh.core.state_sync.db.migrator - INFO - Applying migration <module 'sqlmesh.migrations.v0033_mysql_fix_blob_text_type' from '/home/kanakgupta/.local/lib/python3.10/site-packages/sqlmesh/migrations/v0033_mysql_fix_blob_text_type.py'> (migrator.py:177)
2025-07-28 17:38:11,159 - MainThread - sqlmesh.core.state_sync.db.migrator - INFO - Applying migration <module 'sqlmesh.migrations.v0034_add_default_catalog' from '/home/kanakgupta/.local/lib/python3.10/site-packages/sqlmesh/migrations/v0034_add_default_catalog.py'> (migrator.py:177)
2025-07-28 17:38:12,213 - MainThread - sqlmesh.core.state_sync.db.migrator - INFO - Applying migration <module 'sqlmesh.migrations.v0035_add_catalog_name_override' from '/home/kanakgupta/.local/lib/python3.10/site-packages/sqlmesh/migrations/v0035_add_catalog_name_override.py'> (migrator.py:177)
2025-07-28 17:38:12,520 - MainThread - sqlmesh.core.state_sync.db.migrator - INFO - Applying migration <module 'sqlmesh.migrations.v0036_delete_plan_dags_bug_fix' from '/home/kanakgupta/.local/lib/python3.10/site-packages/sqlmesh/migrations/v0036_delete_plan_dags_bug_fix.py'> (migrator.py:177)
2025-07-28 17:38:12,828 - MainThread - sqlmesh.core.state_sync.db.migrator - INFO - Applying migration <module 'sqlmesh.migrations.v0037_remove_dbt_is_incremental_macro' from '/home/kanakgupta/.local/lib/python3.10/site-packages/sqlmesh/migrations/v0037_remove_dbt_is_incremental_macro.py'> (migrator.py:177)
2025-07-28 17:38:13,135 - MainThread - sqlmesh.core.state_sync.db.migrator - INFO - Applying migration <module 'sqlmesh.migrations.v0038_add_expiration_ts_to_snapshot' from '/home/kanakgupta/.local/lib/python3.10/site-packages/sqlmesh/migrations/v0038_add_expiration_ts_to_snapshot.py'> (migrator.py:177)
2025-07-28 17:38:13,750 - MainThread - sqlmesh.core.state_sync.db.migrator - INFO - Applying migration <module 'sqlmesh.migrations.v0039_include_environment_in_plan_dag_spec' from '/home/kanakgupta/.local/lib/python3.10/site-packages/sqlmesh/migrations/v0039_include_environment_in_plan_dag_spec.py'> (migrator.py:177)
2025-07-28 17:38:14,056 - MainThread - sqlmesh.core.state_sync.db.migrator - INFO - Applying migration <module 'sqlmesh.migrations.v0040_add_previous_finalized_snapshots' from '/home/kanakgupta/.local/lib/python3.10/site-packages/sqlmesh/migrations/v0040_add_previous_finalized_snapshots.py'> (migrator.py:177)
2025-07-28 17:38:14,363 - MainThread - sqlmesh.core.state_sync.db.migrator - INFO - Applying migration <module 'sqlmesh.migrations.v0041_remove_hash_raw_query_attribute' from '/home/kanakgupta/.local/lib/python3.10/site-packages/sqlmesh/migrations/v0041_remove_hash_raw_query_attribute.py'> (migrator.py:177)
2025-07-28 17:38:14,608 - MainThread - sqlmesh.core.state_sync.db.migrator - INFO - Applying migration <module 'sqlmesh.migrations.v0042_trim_indirect_versions' from '/home/kanakgupta/.local/lib/python3.10/site-packages/sqlmesh/migrations/v0042_trim_indirect_versions.py'> (migrator.py:177)
2025-07-28 17:38:14,846 - MainThread - sqlmesh.core.state_sync.db.migrator - INFO - Applying migration <module 'sqlmesh.migrations.v0043_fix_remove_obsolete_attributes_in_plan_dags' from '/home/kanakgupta/.local/lib/python3.10/site-packages/sqlmesh/migrations/v0043_fix_remove_obsolete_attributes_in_plan_dags.py'> (migrator.py:177)
2025-07-28 17:38:15,085 - MainThread - sqlmesh.core.state_sync.db.migrator - INFO - Applying migration <module 'sqlmesh.migrations.v0044_quote_identifiers_in_model_attributes' from '/home/kanakgupta/.local/lib/python3.10/site-packages/sqlmesh/migrations/v0044_quote_identifiers_in_model_attributes.py'> (migrator.py:177)
2025-07-28 17:38:15,085 - MainThread - sqlmesh.core.state_sync.db.migrator - INFO - Applying migration <module 'sqlmesh.migrations.v0045_move_gateway_variable' from '/home/kanakgupta/.local/lib/python3.10/site-packages/sqlmesh/migrations/v0045_move_gateway_variable.py'> (migrator.py:177)
2025-07-28 17:38:15,387 - MainThread - sqlmesh.core.state_sync.db.migrator - INFO - Applying migration <module 'sqlmesh.migrations.v0046_add_batch_concurrency' from '/home/kanakgupta/.local/lib/python3.10/site-packages/sqlmesh/migrations/v0046_add_batch_concurrency.py'> (migrator.py:177)
2025-07-28 17:38:15,387 - MainThread - sqlmesh.core.state_sync.db.migrator - INFO - Applying migration <module 'sqlmesh.migrations.v0047_change_scd_string_to_column' from '/home/kanakgupta/.local/lib/python3.10/site-packages/sqlmesh/migrations/v0047_change_scd_string_to_column.py'> (migrator.py:177)
2025-07-28 17:38:15,388 - MainThread - sqlmesh.core.state_sync.db.migrator - INFO - Applying migration <module 'sqlmesh.migrations.v0048_drop_indirect_versions' from '/home/kanakgupta/.local/lib/python3.10/site-packages/sqlmesh/migrations/v0048_drop_indirect_versions.py'> (migrator.py:177)
2025-07-28 17:38:15,695 - MainThread - sqlmesh.core.state_sync.db.migrator - INFO - Applying migration <module 'sqlmesh.migrations.v0049_replace_identifier_with_version_in_seeds_table' from '/home/kanakgupta/.local/lib/python3.10/site-packages/sqlmesh/migrations/v0049_replace_identifier_with_version_in_seeds_table.py'> (migrator.py:177)
2025-07-28 17:38:17,333 - MainThread - sqlmesh.core.state_sync.db.migrator - INFO - Applying migration <module 'sqlmesh.migrations.v0050_drop_seeds_table' from '/home/kanakgupta/.local/lib/python3.10/site-packages/sqlmesh/migrations/v0050_drop_seeds_table.py'> (migrator.py:177)
2025-07-28 17:38:17,640 - MainThread - sqlmesh.core.state_sync.db.migrator - INFO - Applying migration <module 'sqlmesh.migrations.v0051_rename_column_descriptions' from '/home/kanakgupta/.local/lib/python3.10/site-packages/sqlmesh/migrations/v0051_rename_column_descriptions.py'> (migrator.py:177)
2025-07-28 17:38:17,948 - MainThread - sqlmesh.core.state_sync.db.migrator - INFO - Applying migration <module 'sqlmesh.migrations.v0052_add_normalize_name_in_environment_naming_info' from '/home/kanakgupta/.local/lib/python3.10/site-packages/sqlmesh/migrations/v0052_add_normalize_name_in_environment_naming_info.py'> (migrator.py:177)
2025-07-28 17:38:18,562 - MainThread - sqlmesh.core.state_sync.db.migrator - INFO - Applying migration <module 'sqlmesh.migrations.v0053_custom_model_kind_extra_attributes' from '/home/kanakgupta/.local/lib/python3.10/site-packages/sqlmesh/migrations/v0053_custom_model_kind_extra_attributes.py'> (migrator.py:177)
2025-07-28 17:38:18,563 - MainThread - sqlmesh.core.state_sync.db.migrator - INFO - Applying migration <module 'sqlmesh.migrations.v0054_fix_trailing_comments' from '/home/kanakgupta/.local/lib/python3.10/site-packages/sqlmesh/migrations/v0054_fix_trailing_comments.py'> (migrator.py:177)
2025-07-28 17:38:18,563 - MainThread - sqlmesh.core.state_sync.db.migrator - INFO - Applying migration <module 'sqlmesh.migrations.v0055_add_updated_ts_unpaused_ts_ttl_ms_unrestorable_to_snapshot' from '/home/kanakgupta/.local/lib/python3.10/site-packages/sqlmesh/migrations/v0055_add_updated_ts_unpaused_ts_ttl_ms_unrestorable_to_snapshot.py'> (migrator.py:177)
2025-07-28 17:38:20,202 - MainThread - sqlmesh.core.state_sync.db.migrator - INFO - Applying migration <module 'sqlmesh.migrations.v0056_restore_table_indexes' from '/home/kanakgupta/.local/lib/python3.10/site-packages/sqlmesh/migrations/v0056_restore_table_indexes.py'> (migrator.py:177)
2025-07-28 17:38:25,116 - MainThread - sqlmesh.core.state_sync.db.migrator - INFO - Applying migration <module 'sqlmesh.migrations.v0057_add_table_format' from '/home/kanakgupta/.local/lib/python3.10/site-packages/sqlmesh/migrations/v0057_add_table_format.py'> (migrator.py:177)
2025-07-28 17:38:25,116 - MainThread - sqlmesh.core.state_sync.db.migrator - INFO - Applying migration <module 'sqlmesh.migrations.v0058_add_requirements' from '/home/kanakgupta/.local/lib/python3.10/site-packages/sqlmesh/migrations/v0058_add_requirements.py'> (migrator.py:177)
2025-07-28 17:38:25,359 - MainThread - sqlmesh.core.state_sync.db.migrator - INFO - Applying migration <module 'sqlmesh.migrations.v0059_add_physical_version' from '/home/kanakgupta/.local/lib/python3.10/site-packages/sqlmesh/migrations/v0059_add_physical_version.py'> (migrator.py:177)
2025-07-28 17:38:25,360 - MainThread - sqlmesh.core.state_sync.db.migrator - INFO - Applying migration <module 'sqlmesh.migrations.v0060_move_audits_to_model' from '/home/kanakgupta/.local/lib/python3.10/site-packages/sqlmesh/migrations/v0060_move_audits_to_model.py'> (migrator.py:177)
2025-07-28 17:38:25,628 - MainThread - sqlmesh.core.state_sync.db.migrator - INFO - Applying migration <module 'sqlmesh.migrations.v0061_mysql_fix_blob_text_type' from '/home/kanakgupta/.local/lib/python3.10/site-packages/sqlmesh/migrations/v0061_mysql_fix_blob_text_type.py'> (migrator.py:177)
2025-07-28 17:38:25,628 - MainThread - sqlmesh.core.state_sync.db.migrator - INFO - Applying migration <module 'sqlmesh.migrations.v0062_add_model_gateway' from '/home/kanakgupta/.local/lib/python3.10/site-packages/sqlmesh/migrations/v0062_add_model_gateway.py'> (migrator.py:177)
2025-07-28 17:38:25,628 - MainThread - sqlmesh.core.state_sync.db.migrator - INFO - Applying migration <module 'sqlmesh.migrations.v0063_change_signals' from '/home/kanakgupta/.local/lib/python3.10/site-packages/sqlmesh/migrations/v0063_change_signals.py'> (migrator.py:177)
2025-07-28 17:38:25,868 - MainThread - sqlmesh.core.state_sync.db.migrator - INFO - Applying migration <module 'sqlmesh.migrations.v0064_join_when_matched_strings' from '/home/kanakgupta/.local/lib/python3.10/site-packages/sqlmesh/migrations/v0064_join_when_matched_strings.py'> (migrator.py:177)
2025-07-28 17:38:26,107 - MainThread - sqlmesh.core.state_sync.db.migrator - INFO - Applying migration <module 'sqlmesh.migrations.v0065_add_model_optimize' from '/home/kanakgupta/.local/lib/python3.10/site-packages/sqlmesh/migrations/v0065_add_model_optimize.py'> (migrator.py:177)
2025-07-28 17:38:26,107 - MainThread - sqlmesh.core.state_sync.db.migrator - INFO - Applying migration <module 'sqlmesh.migrations.v0066_add_auto_restatements' from '/home/kanakgupta/.local/lib/python3.10/site-packages/sqlmesh/migrations/v0066_add_auto_restatements.py'> (migrator.py:177)
2025-07-28 17:38:26,960 - MainThread - sqlmesh.core.state_sync.db.migrator - INFO - Applying migration <module 'sqlmesh.migrations.v0067_add_tsql_date_full_precision' from '/home/kanakgupta/.local/lib/python3.10/site-packages/sqlmesh/migrations/v0067_add_tsql_date_full_precision.py'> (migrator.py:177)
2025-07-28 17:38:26,960 - MainThread - sqlmesh.core.state_sync.db.migrator - INFO - Applying migration <module 'sqlmesh.migrations.v0068_include_unrendered_query_in_metadata_hash' from '/home/kanakgupta/.local/lib/python3.10/site-packages/sqlmesh/migrations/v0068_include_unrendered_query_in_metadata_hash.py'> (migrator.py:177)
2025-07-28 17:38:26,960 - MainThread - sqlmesh.core.state_sync.db.migrator - INFO - Applying migration <module 'sqlmesh.migrations.v0069_update_dev_table_suffix' from '/home/kanakgupta/.local/lib/python3.10/site-packages/sqlmesh/migrations/v0069_update_dev_table_suffix.py'> (migrator.py:177)
2025-07-28 17:38:27,512 - MainThread - sqlmesh.core.state_sync.db.migrator - INFO - Applying migration <module 'sqlmesh.migrations.v0070_include_grains_in_metadata_hash' from '/home/kanakgupta/.local/lib/python3.10/site-packages/sqlmesh/migrations/v0070_include_grains_in_metadata_hash.py'> (migrator.py:177)
2025-07-28 17:38:27,513 - MainThread - sqlmesh.core.state_sync.db.migrator - INFO - Applying migration <module 'sqlmesh.migrations.v0071_add_dev_version_to_intervals' from '/home/kanakgupta/.local/lib/python3.10/site-packages/sqlmesh/migrations/v0071_add_dev_version_to_intervals.py'> (migrator.py:177)
2025-07-28 17:38:28,290 - MainThread - sqlmesh.core.state_sync.db.migrator - INFO - Applying migration <module 'sqlmesh.migrations.v0072_add_environment_statements' from '/home/kanakgupta/.local/lib/python3.10/site-packages/sqlmesh/migrations/v0072_add_environment_statements.py'> (migrator.py:177)
2025-07-28 17:38:28,548 - MainThread - sqlmesh.core.state_sync.db.migrator - INFO - Applying migration <module 'sqlmesh.migrations.v0073_remove_symbolic_disable_restatement' from '/home/kanakgupta/.local/lib/python3.10/site-packages/sqlmesh/migrations/v0073_remove_symbolic_disable_restatement.py'> (migrator.py:177)
2025-07-28 17:38:28,804 - MainThread - sqlmesh.core.state_sync.db.migrator - INFO - Applying migration <module 'sqlmesh.migrations.v0074_add_partition_by_time_column_property' from '/home/kanakgupta/.local/lib/python3.10/site-packages/sqlmesh/migrations/v0074_add_partition_by_time_column_property.py'> (migrator.py:177)
2025-07-28 17:38:28,804 - MainThread - sqlmesh.core.state_sync.db.migrator - INFO - Applying migration <module 'sqlmesh.migrations.v0075_remove_validate_query' from '/home/kanakgupta/.local/lib/python3.10/site-packages/sqlmesh/migrations/v0075_remove_validate_query.py'> (migrator.py:177)
2025-07-28 17:38:29,111 - MainThread - sqlmesh.core.state_sync.db.migrator - INFO - Applying migration <module 'sqlmesh.migrations.v0076_add_cron_tz' from '/home/kanakgupta/.local/lib/python3.10/site-packages/sqlmesh/migrations/v0076_add_cron_tz.py'> (migrator.py:177)
2025-07-28 17:38:29,111 - MainThread - sqlmesh.core.state_sync.db.migrator - INFO - Applying migration <module 'sqlmesh.migrations.v0077_fix_column_type_hash_calculation' from '/home/kanakgupta/.local/lib/python3.10/site-packages/sqlmesh/migrations/v0077_fix_column_type_hash_calculation.py'> (migrator.py:177)
2025-07-28 17:38:29,111 - MainThread - sqlmesh.core.state_sync.db.migrator - INFO - Applying migration <module 'sqlmesh.migrations.v0078_warn_if_non_migratable_python_env' from '/home/kanakgupta/.local/lib/python3.10/site-packages/sqlmesh/migrations/v0078_warn_if_non_migratable_python_env.py'> (migrator.py:177)
2025-07-28 17:38:29,417 - MainThread - sqlmesh.core.state_sync.db.migrator - INFO - Applying migration <module 'sqlmesh.migrations.v0079_add_gateway_managed_property' from '/home/kanakgupta/.local/lib/python3.10/site-packages/sqlmesh/migrations/v0079_add_gateway_managed_property.py'> (migrator.py:177)
2025-07-28 17:38:30,031 - MainThread - sqlmesh.core.state_sync.db.migrator - INFO - Applying migration <module 'sqlmesh.migrations.v0080_add_batch_size_to_scd_type_2_models' from '/home/kanakgupta/.local/lib/python3.10/site-packages/sqlmesh/migrations/v0080_add_batch_size_to_scd_type_2_models.py'> (migrator.py:177)
2025-07-28 17:38:30,031 - MainThread - sqlmesh.core.state_sync.db.migrator - INFO - Applying migration <module 'sqlmesh.migrations.v0081_update_partitioned_by' from '/home/kanakgupta/.local/lib/python3.10/site-packages/sqlmesh/migrations/v0081_update_partitioned_by.py'> (migrator.py:177)
2025-07-28 17:38:30,272 - MainThread - sqlmesh.core.state_sync.db.migrator - INFO - Applying migration <module 'sqlmesh.migrations.v0082_warn_if_incorrectly_duplicated_statements' from '/home/kanakgupta/.local/lib/python3.10/site-packages/sqlmesh/migrations/v0082_warn_if_incorrectly_duplicated_statements.py'> (migrator.py:177)
2025-07-28 17:38:30,545 - MainThread - sqlmesh.core.state_sync.db.migrator - INFO - Applying migration <module 'sqlmesh.migrations.v0083_use_sql_for_scd_time_data_type_data_hash' from '/home/kanakgupta/.local/lib/python3.10/site-packages/sqlmesh/migrations/v0083_use_sql_for_scd_time_data_type_data_hash.py'> (migrator.py:177)
2025-07-28 17:38:30,850 - MainThread - sqlmesh.core.state_sync.db.migrator - INFO - Fetching environments (migrator.py:196)
2025-07-28 17:38:31,158 - MainThread - sqlmesh.core.state_sync.db.migrator - INFO - Migrating snapshot rows... (migrator.py:213)
2025-07-28 17:38:31,465 - MainThread - sqlmesh.core.state_sync.db.migrator - INFO - No changes to snapshots detected (migrator.py:206)
2025-07-28 17:38:32,477 - MainThread - sqlmesh.core.state_sync.db.migrator - INFO - Starting migration rollback. (migrator.py:135)
2025-07-28 17:38:33,214 - MainThread - root - INFO - Shutting down the event dispatcher (dispatcher.py:159)
